android/app/build/intermediates/manifest_merge_blame_file/debug/manifest-merger-blame-debug-report.txt
1<?xml version="1.0" encoding="utf-8"?>
2<manifest xmlns:android="http://schemas.android.com/apk/res/android"
3    package="com.sreactnative"
4    android:versionCode="1"
5    android:versionName="1.0" >
6
7    <uses-sdk
8        android:minSdkVersion="16"
9        android:targetSdkVersion="28" />
10
11    <uses-permission android:name="android.permission.SYSTEM_ALERT_WINDOW" />
11-->src\debug\AndroidManifest.xml:5:5-77
11-->src\debug\AndroidManifest.xml:5:22-75
12    <uses-permission android:name="android.permission.INTERNET" />
12-->src\main\AndroidManifest.xml:4:5-67
12-->src\main\AndroidManifest.xml:4:22-64
13    <uses-permission android:name="android.permission.ACCESS_WIFI_STATE" />
13-->[com.facebook.flipper:flipper:0.33.1] AndroidManifest.xml:16:5-76
13-->[com.facebook.flipper:flipper:0.33.1] AndroidManifest.xml:16:22-73
14
15    <application
15-->src\main\AndroidManifest.xml:6:5-32:19
16        android:name="com.sreactnative.MainApplication"
16-->src\main\AndroidManifest.xml:7:7-38
17        android:allowBackup="false"
17-->src\main\AndroidManifest.xml:11:7-34
18        android:appComponentFactory="androidx.core.app.CoreComponentFactory"
18-->[androidx.core:core:1.1.0] AndroidManifest.xml:24:18-86
19        android:debuggable="true"
20        android:icon="@mipmap/ic_launcher"
20-->src\main\AndroidManifest.xml:9:7-41
21        android:label="@string/app_name"
21-->src\main\AndroidManifest.xml:8:7-39
22        android:roundIcon="@mipmap/ic_launcher_round"
22-->src\main\AndroidManifest.xml:10:7-52
23        android:theme="@style/AppTheme"
23-->src\main\AndroidManifest.xml:12:7-38
24        android:usesCleartextTraffic="true" >
24-->src\debug\AndroidManifest.xml:7:18-53
25        <activity
25-->src\main\AndroidManifest.xml:14:7-22:18
26            android:name="com.sreactnative.SplashActivity"
26-->src\main\AndroidManifest.xml:15:9-39
27            android:label="@string/app_name"
27-->src\main\AndroidManifest.xml:17:9-41
28            android:theme="@style/SplashTheme" >
28-->src\main\AndroidManifest.xml:16:9-43
29            <intent-filter>
29-->src\main\AndroidManifest.xml:18:9-21:25
30                <action android:name="android.intent.action.MAIN" />
30-->src\main\AndroidManifest.xml:19:11-63
30-->src\main\AndroidManifest.xml:19:19-60
31
32                <category android:name="android.intent.category.LAUNCHER" />
32-->src\main\AndroidManifest.xml:20:11-71
32-->src\main\AndroidManifest.xml:20:21-68
33            </intent-filter>
34        </activity>
35        <activity
35-->src\main\AndroidManifest.xml:24:7-30:34
36            android:name="com.sreactnative.MainActivity"
36-->src\main\AndroidManifest.xml:25:9-37
37            android:configChanges="keyboard|keyboardHidden|orientation|screenSize|uiMode"
37-->src\main\AndroidManifest.xml:27:9-86
38            android:exported="true"
38-->src\main\AndroidManifest.xml:30:9-32
39            android:label="@string/app_name"
39-->src\main\AndroidManifest.xml:26:9-41
40            android:launchMode="singleTask"
40-->src\main\AndroidManifest.xml:28:9-40
41            android:windowSoftInputMode="adjustResize" />
41-->src\main\AndroidManifest.xml:29:9-51
42        <activity android:name="com.facebook.react.devsupport.DevSettingsActivity" />
42-->src\main\AndroidManifest.xml:31:7-84
42-->src\main\AndroidManifest.xml:31:17-81
43    </application>
44
45</manifest>